[2021-12-21 19:42:13.192] [exthost] [info] extension host started
[2021-12-21 19:42:13.625] [exthost] [info] ExtensionService#_doActivateExtension vscode.debug-auto-launch, startup: true, activationEvent: '*'
[2021-12-21 19:42:13.625] [exthost] [info] ExtensionService#loadCommonJSModule file:///home/tli2/.vscode-server/bin/6cba118ac49a1b88332f312a8f67186f7f3c1643/extensions/debug-auto-launch/dist/extension
[2021-12-21 19:42:13.643] [exthost] [info] ExtensionService#_doActivateExtension vscode.git, startup: true, activationEvent: '*', root cause: vscode.github
[2021-12-21 19:42:13.643] [exthost] [info] ExtensionService#loadCommonJSModule file:///home/tli2/.vscode-server/bin/6cba118ac49a1b88332f312a8f67186f7f3c1643/extensions/git/dist/main
[2021-12-21 19:42:14.036] [exthost] [info] ExtensionService#_doActivateExtension vscode.github, startup: true, activationEvent: '*'
[2021-12-21 19:42:14.036] [exthost] [info] ExtensionService#loadCommonJSModule file:///home/tli2/.vscode-server/bin/6cba118ac49a1b88332f312a8f67186f7f3c1643/extensions/github/dist/extension.js
[2021-12-21 19:42:14.206] [exthost] [info] ExtensionService#_doActivateExtension vscode.emmet, startup: false, activationEvent: 'onStartupFinished'
[2021-12-21 19:42:14.207] [exthost] [info] ExtensionService#loadCommonJSModule file:///home/tli2/.vscode-server/bin/6cba118ac49a1b88332f312a8f67186f7f3c1643/extensions/emmet/dist/node/emmetNodeMain
[2021-12-21 19:42:14.245] [exthost] [info] ExtensionService#_doActivateExtension vscode.merge-conflict, startup: false, activationEvent: 'onStartupFinished'
[2021-12-21 19:42:14.246] [exthost] [info] ExtensionService#loadCommonJSModule file:///home/tli2/.vscode-server/bin/6cba118ac49a1b88332f312a8f67186f7f3c1643/extensions/merge-conflict/dist/mergeConflictMain
[2021-12-21 19:42:14.259] [exthost] [info] eager extensions activated
[2021-12-21 19:42:14.291] [exthost] [info] ExtensionService#_doActivateExtension ms-vscode.js-debug, startup: false, activationEvent: 'onCommand:extension.js-debug.clearAutoAttachVariables'
[2021-12-21 19:42:14.291] [exthost] [info] ExtensionService#loadCommonJSModule file:///home/tli2/.vscode-server/bin/6cba118ac49a1b88332f312a8f67186f7f3c1643/extensions/ms-vscode.js-debug/src/extension.js
[2021-12-21 19:42:15.508] [exthost] [info] ExtensionService#_doActivateExtension vscode.configuration-editing, startup: false, activationEvent: 'onLanguage:jsonc'
[2021-12-21 19:42:15.508] [exthost] [info] ExtensionService#loadCommonJSModule file:///home/tli2/.vscode-server/bin/6cba118ac49a1b88332f312a8f67186f7f3c1643/extensions/configuration-editing/dist/configurationEditingMain
[2021-12-21 19:42:15.526] [exthost] [info] ExtensionService#_doActivateExtension vscode.json-language-features, startup: false, activationEvent: 'onLanguage:jsonc'
[2021-12-21 19:42:15.527] [exthost] [info] ExtensionService#loadCommonJSModule file:///home/tli2/.vscode-server/bin/6cba118ac49a1b88332f312a8f67186f7f3c1643/extensions/json-language-features/client/dist/node/jsonClientMain
[2021-12-21 19:42:15.690] [exthost] [info] ExtensionService#_doActivateExtension vscode.typescript-language-features, startup: false, activationEvent: 'onLanguage:jsonc'
[2021-12-21 19:42:15.690] [exthost] [info] ExtensionService#loadCommonJSModule file:///home/tli2/.vscode-server/bin/6cba118ac49a1b88332f312a8f67186f7f3c1643/extensions/typescript-language-features/dist/extension
