Validating found git in: git
Using git 2.9.5 from git
> git rev-parse --git-dir
Open repository: /home/tli2
> git status -z -u
> git symbolic-ref --short HEAD
> git for-each-ref --format=%(refname)%00%(upstream:short)%00%(objectname)%00%(upstream:track) refs/heads/master refs/remotes/master
> git for-each-ref --sort -committerdate --format %(refname) %(objectname) %(*objectname)
> git remote --verbose
> git config --get commit.template
> git show --textconv :reg_dump.sql
> git ls-files --stage -- /home/tli2/reg_dump.sql
> git cat-file -s 5280e0ad827dc0abb41c293aeb08b142ad1ee351
> git check-ignore -v -z --stdin
> git ls-files --stage -- /home/tli2/reg_dump.sql
> git cat-file -s 5280e0ad827dc0abb41c293aeb08b142ad1ee351
> git show --textconv :reg_dump.sql
> git status -z -u
> git symbolic-ref --short HEAD
> git for-each-ref --format=%(refname)%00%(upstream:short)%00%(objectname)%00%(upstream:track) refs/heads/master refs/remotes/master
> git for-each-ref --sort -committerdate --format %(refname) %(objectname) %(*objectname)
> git remote --verbose
> git config --get commit.template
> git check-ignore -v -z --stdin
> git check-ignore -v -z --stdin
> git show --textconv :.vscode-server/data/logs/20211224T203506/exthost1/output_logging_20211224T203515/2-Git.log
> git ls-files --stage -- /home/tli2/.vscode-server/data/logs/20211224T203506/exthost1/output_logging_20211224T203515/2-Git.log
> git cat-file -s 18a7cff1464ea539163303e8d80315ef7365d5d7
> git check-ignore -v -z --stdin
> git show --textconv :docker-compose.yml
> git ls-files --stage -- /home/tli2/docker-compose.yml
> git cat-file -s c844156112100620dfaa2e7d02e57201a72c6a3a
