Validating found git in: git
Using git 2.9.5 from git
> git rev-parse --git-dir
Open repository: /home/tli2
> git status -z -u
> git symbolic-ref --short HEAD
> git for-each-ref --format=%(refname)%00%(upstream:short)%00%(objectname)%00%(upstream:track) refs/heads/master refs/remotes/master
> git for-each-ref --sort -committerdate --format %(refname) %(objectname) %(*objectname)
> git remote --verbose
> git config --get commit.template
> git show --textconv :.vscode-server/data/logs/20211224T215444/exthost1/output_logging_20211224T220051/1-Git.log
> git ls-files --stage -- /home/tli2/.vscode-server/data/logs/20211224T215444/exthost1/output_logging_20211224T220051/1-Git.log
> git cat-file -s abbc01453f274728fa0ed3c7ead2023a8361b91e
> git check-ignore -v -z --stdin
> git ls-files --stage -- /home/tli2/.vscode-server/data/logs/20211224T215444/exthost1/output_logging_20211224T220051/1-Git.log
> git cat-file -s abbc01453f274728fa0ed3c7ead2023a8361b91e
> git show --textconv :.vscode-server/data/logs/20211224T215444/exthost1/output_logging_20211224T220051/1-Git.log
> git status -z -u
> git symbolic-ref --short HEAD
> git for-each-ref --format=%(refname)%00%(upstream:short)%00%(objectname)%00%(upstream:track) refs/heads/master refs/remotes/master
> git for-each-ref --sort -committerdate --format %(refname) %(objectname) %(*objectname)
> git remote --verbose
> git config --get commit.template
> git check-ignore -v -z --stdin
> git status -z -u
> git symbolic-ref --short HEAD
> git for-each-ref --format=%(refname)%00%(upstream:short)%00%(objectname)%00%(upstream:track) refs/heads/master refs/remotes/master
> git for-each-ref --sort -committerdate --format %(refname) %(objectname) %(*objectname)
> git remote --verbose
> git config --get commit.template
> git ls-files --stage -- /home/tli2/.vscode-server/data/logs/20211224T215444/exthost1/output_logging_20211224T220051/1-Git.log
> git cat-file -s abbc01453f274728fa0ed3c7ead2023a8361b91e
> git show --textconv :.vscode-server/data/logs/20211224T215444/exthost1/output_logging_20211224T220051/1-Git.log
> git status -z -u
> git symbolic-ref --short HEAD
> git for-each-ref --format=%(refname)%00%(upstream:short)%00%(objectname)%00%(upstream:track) refs/heads/master refs/remotes/master
> git for-each-ref --sort -committerdate --format %(refname) %(objectname) %(*objectname)
> git remote --verbose
> git config --get commit.template
> git ls-files --stage -- /home/tli2/.vscode-server/data/logs/20211224T215444/exthost1/output_logging_20211224T220051/1-Git.log
> git cat-file -s 3b0edaa7103f3fad4436b24b7afc5dc90001d0be
> git show --textconv :.vscode-server/data/logs/20211224T215444/exthost1/output_logging_20211224T220051/1-Git.log
> git status -z -u
> git symbolic-ref --short HEAD
> git for-each-ref --format=%(refname)%00%(upstream:short)%00%(objectname)%00%(upstream:track) refs/heads/master refs/remotes/master
> git for-each-ref --sort -committerdate --format %(refname) %(objectname) %(*objectname)
> git remote --verbose
> git config --get commit.template
> git ls-files --stage -- /home/tli2/.vscode-server/data/logs/20211224T215444/exthost1/output_logging_20211224T220051/1-Git.log
> git cat-file -s 3b0edaa7103f3fad4436b24b7afc5dc90001d0be
> git show --textconv :.vscode-server/data/logs/20211224T215444/exthost1/output_logging_20211224T220051/1-Git.log
> git status -z -u
> git symbolic-ref --short HEAD
> git for-each-ref --format=%(refname)%00%(upstream:short)%00%(objectname)%00%(upstream:track) refs/heads/master refs/remotes/master
> git for-each-ref --sort -committerdate --format %(refname) %(objectname) %(*objectname)
> git remote --verbose
> git config --get commit.template
> git ls-files --stage -- /home/tli2/.vscode-server/data/logs/20211224T215444/exthost1/output_logging_20211224T220051/1-Git.log
> git cat-file -s 3b0edaa7103f3fad4436b24b7afc5dc90001d0be
> git show --textconv :.vscode-server/data/logs/20211224T215444/exthost1/output_logging_20211224T220051/1-Git.log
> git status -z -u
> git symbolic-ref --short HEAD
> git for-each-ref --format=%(refname)%00%(upstream:short)%00%(objectname)%00%(upstream:track) refs/heads/master refs/remotes/master
> git for-each-ref --sort -committerdate --format %(refname) %(objectname) %(*objectname)
> git remote --verbose
> git config --get commit.template
> git ls-files --stage -- /home/tli2/.vscode-server/data/logs/20211224T215444/exthost1/output_logging_20211224T220051/1-Git.log
> git cat-file -s 3b0edaa7103f3fad4436b24b7afc5dc90001d0be
> git show --textconv :.vscode-server/data/logs/20211224T215444/exthost1/output_logging_20211224T220051/1-Git.log
> git status -z -u
> git symbolic-ref --short HEAD
> git for-each-ref --format=%(refname)%00%(upstream:short)%00%(objectname)%00%(upstream:track) refs/heads/master refs/remotes/master
> git for-each-ref --sort -committerdate --format %(refname) %(objectname) %(*objectname)
> git remote --verbose
> git config --get commit.template
> git ls-files --stage -- /home/tli2/.vscode-server/data/logs/20211224T215444/exthost1/output_logging_20211224T220051/1-Git.log
> git cat-file -s 3b0edaa7103f3fad4436b24b7afc5dc90001d0be
> git show --textconv :.vscode-server/data/logs/20211224T215444/exthost1/output_logging_20211224T220051/1-Git.log
> git status -z -u
> git symbolic-ref --short HEAD
> git for-each-ref --format=%(refname)%00%(upstream:short)%00%(objectname)%00%(upstream:track) refs/heads/master refs/remotes/master
> git for-each-ref --sort -committerdate --format %(refname) %(objectname) %(*objectname)
> git remote --verbose
> git config --get commit.template
> git ls-files --stage -- /home/tli2/.vscode-server/data/logs/20211224T215444/exthost1/output_logging_20211224T220051/1-Git.log
> git cat-file -s 3b0edaa7103f3fad4436b24b7afc5dc90001d0be
> git show --textconv :.vscode-server/data/logs/20211224T215444/exthost1/output_logging_20211224T220051/1-Git.log
> git status -z -u
> git symbolic-ref --short HEAD
> git for-each-ref --format=%(refname)%00%(upstream:short)%00%(objectname)%00%(upstream:track) refs/heads/master refs/remotes/master
> git for-each-ref --sort -committerdate --format %(refname) %(objectname) %(*objectname)
> git remote --verbose
> git config --get commit.template
> git ls-files --stage -- /home/tli2/.vscode-server/data/logs/20211224T215444/exthost1/output_logging_20211224T220051/1-Git.log
> git cat-file -s 3b0edaa7103f3fad4436b24b7afc5dc90001d0be
> git show --textconv :.vscode-server/data/logs/20211224T215444/exthost1/output_logging_20211224T220051/1-Git.log
