[2021-12-24 22:00:51.410] [exthost] [info] Extension host with pid 1797 started
[2021-12-24 22:00:51.413] [exthost] [error] Error: EEXIST: file already exists, open '/home/tli2/.vscode-server/data/User/workspaceStorage/0b2e788a2bff724531d5bded461206e2/vscode.lock'
[2021-12-24 22:00:51.416] [exthost] [info] Lock '/home/tli2/.vscode-server/data/User/workspaceStorage/0b2e788a2bff724531d5bded461206e2/vscode.lock': Could not acquire lock, checking if the file is stale.
[2021-12-24 22:00:51.421] [exthost] [info] Lock '/home/tli2/.vscode-server/data/User/workspaceStorage/0b2e788a2bff724531d5bded461206e2/vscode.lock': The pid 13723 appears to be gone.
[2021-12-24 22:00:51.421] [exthost] [info] Lock '/home/tli2/.vscode-server/data/User/workspaceStorage/0b2e788a2bff724531d5bded461206e2/vscode.lock': Deleting a stale lock.
[2021-12-24 22:00:51.438] [exthost] [info] Lock '/home/tli2/.vscode-server/data/User/workspaceStorage/0b2e788a2bff724531d5bded461206e2/vscode.lock': Lock acquired.
[2021-12-24 22:00:51.538] [exthost] [info] ExtensionService#_doActivateExtension vscode.git-base, startup: false, activationEvent: 'onFileSystem:git', root cause: vscode.git
[2021-12-24 22:00:51.572] [exthost] [info] ExtensionService#_doActivateExtension vscode.debug-auto-launch, startup: true, activationEvent: '*'
[2021-12-24 22:00:51.692] [exthost] [info] ExtensionService#_doActivateExtension vscode.git, startup: false, activationEvent: 'onFileSystem:git'
[2021-12-24 22:00:51.812] [exthost] [info] ExtensionService#_doActivateExtension vscode.github, startup: true, activationEvent: '*'
[2021-12-24 22:00:51.956] [exthost] [info] ExtensionService#_doActivateExtension vscode.emmet, startup: false, activationEvent: 'onStartupFinished'
[2021-12-24 22:00:51.983] [exthost] [info] ExtensionService#_doActivateExtension vscode.merge-conflict, startup: false, activationEvent: 'onStartupFinished'
[2021-12-24 22:00:51.991] [exthost] [info] Eager extensions activated
[2021-12-24 22:01:04.376] [exthost] [error] {"message":"Git error","stdout":"","stderr":"fatal: Pathspec '/home/tli2/html/reg/auth.php' is in submodule 'html/reg'\n","exitCode":128,"gitErrorCode":"IsInSubmodule"}
[2021-12-24 22:01:04.376] [exthost] [error] {"message":"Git error","stdout":"","stderr":"fatal: Pathspec '/home/tli2/html/reg/auth.php' is in submodule 'html/reg'\n","exitCode":128,"gitErrorCode":"IsInSubmodule"}
[2021-12-24 22:01:04.377] [exthost] [error] {"message":"Git error","stdout":"","stderr":"fatal: Pathspec '/home/tli2/html/reg/auth.php' is in submodule 'html/reg'\n","exitCode":128,"gitErrorCode":"IsInSubmodule"}
[2021-12-24 22:01:04.377] [exthost] [error] {"message":"Git error","stdout":"","stderr":"fatal: Pathspec '/home/tli2/html/reg/auth.php' is in submodule 'html/reg'\n","exitCode":128,"gitErrorCode":"IsInSubmodule"}
[2021-12-24 22:01:04.377] [exthost] [error] {"message":"Git error","stdout":"","stderr":"fatal: Pathspec '/home/tli2/html/reg/auth.php' is in submodule 'html/reg'\n","exitCode":128,"gitErrorCode":"IsInSubmodule"}
[2021-12-24 22:01:04.377] [exthost] [error] {"message":"Git error","stdout":"","stderr":"fatal: Pathspec '/home/tli2/html/reg/auth.php' is in submodule 'html/reg'\n","exitCode":128,"gitErrorCode":"IsInSubmodule"}
[2021-12-24 22:01:04.377] [exthost] [error] {"message":"Git error","stdout":"","stderr":"fatal: Pathspec '/home/tli2/html/reg/auth.php' is in submodule 'html/reg'\n","exitCode":128,"gitErrorCode":"IsInSubmodule"}
[2021-12-24 22:01:04.377] [exthost] [error] {"message":"Git error","stdout":"","stderr":"fatal: Pathspec '/home/tli2/html/reg/auth.php' is in submodule 'html/reg'\n","exitCode":128,"gitErrorCode":"IsInSubmodule"}
[2021-12-24 23:15:04.773] [exthost] [info] extension host terminating: received terminate message from renderer
[2021-12-24 23:15:04.777] [exthost] [info] Lock '/home/tli2/.vscode-server/data/User/workspaceStorage/0b2e788a2bff724531d5bded461206e2/vscode.lock': Marking the lockfile as scheduled to be released in 6000 ms.
[2021-12-24 23:15:04.825] [exthost] [info] Extension host with pid 1797 exiting with code 0
