[2021-12-21 20:44:47.841] [exthost] [info] extension host started
[2021-12-21 20:44:47.860] [exthost] [info] Lock '/home/tli2/.vscode-server/data/User/workspaceStorage/dab82585503b2c0d2282c4923949a4ab/vscode.lock': Lock acquired.
[2021-12-21 20:44:48.651] [exthost] [info] ExtensionService#_doActivateExtension vscode.debug-auto-launch, startup: true, activationEvent: '*'
[2021-12-21 20:44:48.652] [exthost] [info] ExtensionService#loadCommonJSModule file:///home/tli2/.vscode-server/bin/6cba118ac49a1b88332f312a8f67186f7f3c1643/extensions/debug-auto-launch/dist/extension
[2021-12-21 20:44:48.666] [exthost] [info] ExtensionService#_doActivateExtension vscode.git, startup: true, activationEvent: '*', root cause: vscode.github
[2021-12-21 20:44:48.667] [exthost] [info] ExtensionService#loadCommonJSModule file:///home/tli2/.vscode-server/bin/6cba118ac49a1b88332f312a8f67186f7f3c1643/extensions/git/dist/main
[2021-12-21 20:44:49.566] [exthost] [info] ExtensionService#_doActivateExtension vscode.github, startup: true, activationEvent: '*'
[2021-12-21 20:44:49.567] [exthost] [info] ExtensionService#loadCommonJSModule file:///home/tli2/.vscode-server/bin/6cba118ac49a1b88332f312a8f67186f7f3c1643/extensions/github/dist/extension.js
[2021-12-21 20:44:49.724] [exthost] [info] ExtensionService#_doActivateExtension vscode.emmet, startup: false, activationEvent: 'onStartupFinished'
[2021-12-21 20:44:49.725] [exthost] [info] ExtensionService#loadCommonJSModule file:///home/tli2/.vscode-server/bin/6cba118ac49a1b88332f312a8f67186f7f3c1643/extensions/emmet/dist/node/emmetNodeMain
[2021-12-21 20:44:49.782] [exthost] [info] ExtensionService#_doActivateExtension vscode.merge-conflict, startup: false, activationEvent: 'onStartupFinished'
[2021-12-21 20:44:49.783] [exthost] [info] ExtensionService#loadCommonJSModule file:///home/tli2/.vscode-server/bin/6cba118ac49a1b88332f312a8f67186f7f3c1643/extensions/merge-conflict/dist/mergeConflictMain
[2021-12-21 20:44:49.798] [exthost] [info] eager extensions activated
[2021-12-21 20:44:49.843] [exthost] [info] ExtensionService#_doActivateExtension ms-vscode.js-debug, startup: false, activationEvent: 'onCommand:extension.js-debug.clearAutoAttachVariables'
[2021-12-21 20:44:49.843] [exthost] [info] ExtensionService#loadCommonJSModule file:///home/tli2/.vscode-server/bin/6cba118ac49a1b88332f312a8f67186f7f3c1643/extensions/ms-vscode.js-debug/src/extension.js
[2021-12-21 20:56:48.202] [exthost] [info] ExtensionService#_doActivateExtension vscode.html-language-features, startup: false, activationEvent: 'onLanguage:html'
[2021-12-21 20:56:48.203] [exthost] [info] ExtensionService#loadCommonJSModule file:///home/tli2/.vscode-server/bin/6cba118ac49a1b88332f312a8f67186f7f3c1643/extensions/html-language-features/client/dist/node/htmlClientMain
[2021-12-21 21:21:32.658] [exthost] [info] extension host terminating: received terminate message from renderer
[2021-12-21 21:21:32.659] [exthost] [info] Lock '/home/tli2/.vscode-server/data/User/workspaceStorage/dab82585503b2c0d2282c4923949a4ab/vscode.lock': Marking the lockfile as scheduled to be released in 6000 ms.
[2021-12-21 21:21:33.709] [exthost] [info] exiting with code 0
