

*
* Visual Studio Code Server
*
* Reminder: You may only use this software with Visual Studio family products,
* as described in the license https://aka.ms/vscode-remote/license
*

Extension host agent listening on 36848

[21:54:44] Extension host agent started.
[21:54:45] [127.0.0.1][915c3786][ManagementConnection] Unknown reconnection token (never seen).
[22:00:50] [127.0.0.1][6d4a97bd][ManagementConnection] New connection established.
[22:00:50] [127.0.0.1][d32d8853][ExtensionHostConnection] New connection established.
[22:00:50] [127.0.0.1][d32d8853][ExtensionHostConnection] <1797> Launched Extension Host Process.
[22:00:50] [File Watcher (parcel)] Unexpected error: Bad file descriptor (EUNKNOWN) (path: /home/tli2)
[22:00:50] [File Watcher (parcel)] restarting watcher after error: Bad file descriptor
[22:00:51] [File Watcher (parcel)] Unexpected error: Bad file descriptor (EUNKNOWN) (path: /home/tli2)
[22:00:51] [File Watcher (parcel)] restarting watcher after error: Bad file descriptor
[22:00:51] [File Watcher (parcel)] Unexpected error: Bad file descriptor (EUNKNOWN) (path: /home/tli2)
[22:00:51] [File Watcher (parcel)] restarting watcher after error: Bad file descriptor
[22:00:51] [File Watcher (parcel)] Unexpected error: Bad file descriptor (EUNKNOWN) (path: /home/tli2)
[22:00:51] [File Watcher (parcel)] restarting watcher after error: Bad file descriptor
[22:00:51] [File Watcher (parcel)] Unexpected error: Bad file descriptor (EUNKNOWN) (path: /home/tli2)
[22:00:51] [File Watcher (parcel)] restarting watcher after error: Bad file descriptor
[22:00:51] [File Watcher (parcel)] Unexpected error: Bad file descriptor (EUNKNOWN) (path: /home/tli2)
[22:00:51] [File Watcher (parcel)] gave up attempting to restart watcher after error: Bad file descriptor
